<?xml version="1.0" encoding="UTF-8" ?>
<testsuite tests="5" failures="0" name="TestTablero" time="0.013" errors="0" skipped="0">
  <properties>
[...]
</properties>
  <testcase classname="TestTablero" name="TestTablero.testHorizontalFila0" time="0.012"/>
  <testcase classname="TestTablero" name="TestTablero.testDiagonalDeNOhaciaSW" time="0"/>
  <testcase classname="TestTablero" name="TestTablero.testVerticalFila0" time="0"/>
  <testcase classname="TestTablero" name="TestTablero.testOtraDiagonal" time="0.001"/>
  <testcase classname="TestTablero" name="TestTablero.testVerticallFila1" time="0"/>
</testsuite>